CRITICAL - 2023-11-18 15:27:29 --> Undefined variable $buku
in APPPATH\Views\html\isi.php on line 215.
 1 APPPATH\Views\html\isi.php(215): CodeIgniter\Debug\Exceptions->errorHandler(2, 'Undefined variable $buku', 'D:\\CI4\\Posyandu\\app\\Views\\html\\isi.php', 215)
 2 SYSTEMPATH\View\View.php(228): include('D:\\CI4\\Posyandu\\app\\Views\\html\\isi.php')
 3 SYSTEMPATH\View\View.php(231): CodeIgniter\View\View->CodeIgniter\View\{closure}()
 4 SYSTEMPATH\Common.php(1190): CodeIgniter\View\View->render('html/isi', [], true)
 5 APPPATH\Controllers\Posyandu.php(14): view('html/isi')
 6 SYSTEMPATH\CodeIgniter.php(942): App\Controllers\Posyandu->button()
 7 SYSTEMPATH\CodeIgniter.php(502): CodeIgniter\CodeIgniter->runController(Object(App\Controllers\Posyandu))
 8 SYSTEMPATH\CodeIgniter.php(361): CodeIgniter\CodeIgniter->handleRequest(null, Object(Config\Cache), false)
 9 FCPATH\index.php(79): CodeIgniter\CodeIgniter->run()
10 SYSTEMPATH\Commands\Server\rewrite.php(47): require_once('D:\\CI4\\Posyandu\\public\\index.php')
CRITICAL - 2023-11-18 15:29:01 --> Undefined variable $buku
in APPPATH\Views\html\isi.php on line 215.
 1 APPPATH\Views\html\isi.php(215): CodeIgniter\Debug\Exceptions->errorHandler(2, 'Undefined variable $buku', 'D:\\CI4\\Posyandu\\app\\Views\\html\\isi.php', 215)
 2 SYSTEMPATH\View\View.php(228): include('D:\\CI4\\Posyandu\\app\\Views\\html\\isi.php')
 3 SYSTEMPATH\View\View.php(231): CodeIgniter\View\View->CodeIgniter\View\{closure}()
 4 SYSTEMPATH\Common.php(1190): CodeIgniter\View\View->render('html/isi', [], true)
 5 APPPATH\Controllers\Posyandu.php(14): view('html/isi')
 6 SYSTEMPATH\CodeIgniter.php(942): App\Controllers\Posyandu->button()
 7 SYSTEMPATH\CodeIgniter.php(502): CodeIgniter\CodeIgniter->runController(Object(App\Controllers\Posyandu))
 8 SYSTEMPATH\CodeIgniter.php(361): CodeIgniter\CodeIgniter->handleRequest(null, Object(Config\Cache), false)
 9 FCPATH\index.php(79): CodeIgniter\CodeIgniter->run()
10 SYSTEMPATH\Commands\Server\rewrite.php(47): require_once('D:\\CI4\\Posyandu\\public\\index.php')
CRITICAL - 2023-11-18 15:29:45 --> Undefined variable $buku
in APPPATH\Views\html\isi.php on line 210.
 1 APPPATH\Views\html\isi.php(210): CodeIgniter\Debug\Exceptions->errorHandler(2, 'Undefined variable $buku', 'D:\\CI4\\Posyandu\\app\\Views\\html\\isi.php', 210)
 2 SYSTEMPATH\View\View.php(228): include('D:\\CI4\\Posyandu\\app\\Views\\html\\isi.php')
 3 SYSTEMPATH\View\View.php(231): CodeIgniter\View\View->CodeIgniter\View\{closure}()
 4 SYSTEMPATH\Common.php(1190): CodeIgniter\View\View->render('html/isi', [], true)
 5 APPPATH\Controllers\Posyandu.php(14): view('html/isi')
 6 SYSTEMPATH\CodeIgniter.php(942): App\Controllers\Posyandu->button()
 7 SYSTEMPATH\CodeIgniter.php(502): CodeIgniter\CodeIgniter->runController(Object(App\Controllers\Posyandu))
 8 SYSTEMPATH\CodeIgniter.php(361): CodeIgniter\CodeIgniter->handleRequest(null, Object(Config\Cache), false)
 9 FCPATH\index.php(79): CodeIgniter\CodeIgniter->run()
10 SYSTEMPATH\Commands\Server\rewrite.php(47): require_once('D:\\CI4\\Posyandu\\public\\index.php')
CRITICAL - 2023-11-18 15:33:55 --> Undefined variable $buku
in APPPATH\Views\html\isi.php on line 210.
 1 APPPATH\Views\html\isi.php(210): CodeIgniter\Debug\Exceptions->errorHandler(2, 'Undefined variable $buku', 'D:\\CI4\\Posyandu\\app\\Views\\html\\isi.php', 210)
 2 SYSTEMPATH\View\View.php(228): include('D:\\CI4\\Posyandu\\app\\Views\\html\\isi.php')
 3 SYSTEMPATH\View\View.php(231): CodeIgniter\View\View->CodeIgniter\View\{closure}()
 4 SYSTEMPATH\Common.php(1190): CodeIgniter\View\View->render('html/isi', [], true)
 5 APPPATH\Controllers\Posyandu.php(14): view('html/isi')
 6 SYSTEMPATH\CodeIgniter.php(942): App\Controllers\Posyandu->button()
 7 SYSTEMPATH\CodeIgniter.php(502): CodeIgniter\CodeIgniter->runController(Object(App\Controllers\Posyandu))
 8 SYSTEMPATH\CodeIgniter.php(361): CodeIgniter\CodeIgniter->handleRequest(null, Object(Config\Cache), false)
 9 FCPATH\index.php(79): CodeIgniter\CodeIgniter->run()
10 SYSTEMPATH\Commands\Server\rewrite.php(47): require_once('D:\\CI4\\Posyandu\\public\\index.php')
CRITICAL - 2023-11-18 15:48:27 --> Undefined variable $pasien
in APPPATH\Views\html\isi.php on line 215.
 1 APPPATH\Views\html\isi.php(215): CodeIgniter\Debug\Exceptions->errorHandler(2, 'Undefined variable $pasien', 'D:\\CI4\\Posyandu\\app\\Views\\html\\isi.php', 215)
 2 SYSTEMPATH\View\View.php(228): include('D:\\CI4\\Posyandu\\app\\Views\\html\\isi.php')
 3 SYSTEMPATH\View\View.php(231): CodeIgniter\View\View->CodeIgniter\View\{closure}()
 4 SYSTEMPATH\Common.php(1190): CodeIgniter\View\View->render('html/isi', [], true)
 5 APPPATH\Controllers\Posyandu.php(26): view('html/isi')
 6 SYSTEMPATH\CodeIgniter.php(942): App\Controllers\Posyandu->button()
 7 SYSTEMPATH\CodeIgniter.php(502): CodeIgniter\CodeIgniter->runController(Object(App\Controllers\Posyandu))
 8 SYSTEMPATH\CodeIgniter.php(361): CodeIgniter\CodeIgniter->handleRequest(null, Object(Config\Cache), false)
 9 FCPATH\index.php(79): CodeIgniter\CodeIgniter->run()
10 SYSTEMPATH\Commands\Server\rewrite.php(47): require_once('D:\\CI4\\Posyandu\\public\\index.php')
CRITICAL - 2023-11-18 15:52:55 --> Undefined variable $pasien
in APPPATH\Views\html\isi.php on line 215.
 1 APPPATH\Views\html\isi.php(215): CodeIgniter\Debug\Exceptions->errorHandler(2, 'Undefined variable $pasien', 'D:\\CI4\\Posyandu\\app\\Views\\html\\isi.php', 215)
 2 SYSTEMPATH\View\View.php(228): include('D:\\CI4\\Posyandu\\app\\Views\\html\\isi.php')
 3 SYSTEMPATH\View\View.php(231): CodeIgniter\View\View->CodeIgniter\View\{closure}()
 4 SYSTEMPATH\Common.php(1190): CodeIgniter\View\View->render('html/isi', [], true)
 5 APPPATH\Controllers\Posyandu.php(28): view('html/isi')
 6 SYSTEMPATH\CodeIgniter.php(942): App\Controllers\Posyandu->button()
 7 SYSTEMPATH\CodeIgniter.php(502): CodeIgniter\CodeIgniter->runController(Object(App\Controllers\Posyandu))
 8 SYSTEMPATH\CodeIgniter.php(361): CodeIgniter\CodeIgniter->handleRequest(null, Object(Config\Cache), false)
 9 FCPATH\index.php(79): CodeIgniter\CodeIgniter->run()
10 SYSTEMPATH\Commands\Server\rewrite.php(47): require_once('D:\\CI4\\Posyandu\\public\\index.php')
CRITICAL - 2023-11-18 15:52:57 --> Undefined variable $pasien
in APPPATH\Views\html\isi.php on line 215.
 1 APPPATH\Views\html\isi.php(215): CodeIgniter\Debug\Exceptions->errorHandler(2, 'Undefined variable $pasien', 'D:\\CI4\\Posyandu\\app\\Views\\html\\isi.php', 215)
 2 SYSTEMPATH\View\View.php(228): include('D:\\CI4\\Posyandu\\app\\Views\\html\\isi.php')
 3 SYSTEMPATH\View\View.php(231): CodeIgniter\View\View->CodeIgniter\View\{closure}()
 4 SYSTEMPATH\Common.php(1190): CodeIgniter\View\View->render('html/isi', [], true)
 5 APPPATH\Controllers\Posyandu.php(28): view('html/isi')
 6 SYSTEMPATH\CodeIgniter.php(942): App\Controllers\Posyandu->button()
 7 SYSTEMPATH\CodeIgniter.php(502): CodeIgniter\CodeIgniter->runController(Object(App\Controllers\Posyandu))
 8 SYSTEMPATH\CodeIgniter.php(361): CodeIgniter\CodeIgniter->handleRequest(null, Object(Config\Cache), false)
 9 FCPATH\index.php(79): CodeIgniter\CodeIgniter->run()
10 SYSTEMPATH\Commands\Server\rewrite.php(47): require_once('D:\\CI4\\Posyandu\\public\\index.php')
CRITICAL - 2023-11-18 15:52:58 --> Undefined variable $pasien
in APPPATH\Views\html\isi.php on line 215.
 1 APPPATH\Views\html\isi.php(215): CodeIgniter\Debug\Exceptions->errorHandler(2, 'Undefined variable $pasien', 'D:\\CI4\\Posyandu\\app\\Views\\html\\isi.php', 215)
 2 SYSTEMPATH\View\View.php(228): include('D:\\CI4\\Posyandu\\app\\Views\\html\\isi.php')
 3 SYSTEMPATH\View\View.php(231): CodeIgniter\View\View->CodeIgniter\View\{closure}()
 4 SYSTEMPATH\Common.php(1190): CodeIgniter\View\View->render('html/isi', [], true)
 5 APPPATH\Controllers\Posyandu.php(28): view('html/isi')
 6 SYSTEMPATH\CodeIgniter.php(942): App\Controllers\Posyandu->button()
 7 SYSTEMPATH\CodeIgniter.php(502): CodeIgniter\CodeIgniter->runController(Object(App\Controllers\Posyandu))
 8 SYSTEMPATH\CodeIgniter.php(361): CodeIgniter\CodeIgniter->handleRequest(null, Object(Config\Cache), false)
 9 FCPATH\index.php(79): CodeIgniter\CodeIgniter->run()
10 SYSTEMPATH\Commands\Server\rewrite.php(47): require_once('D:\\CI4\\Posyandu\\public\\index.php')
CRITICAL - 2023-11-18 15:53:55 --> Undefined variable $b
in APPPATH\Views\html\isi.php on line 218.
 1 APPPATH\Views\html\isi.php(218): CodeIgniter\Debug\Exceptions->errorHandler(2, 'Undefined variable $b', 'D:\\CI4\\Posyandu\\app\\Views\\html\\isi.php', 218)
 2 SYSTEMPATH\View\View.php(228): include('D:\\CI4\\Posyandu\\app\\Views\\html\\isi.php')
 3 SYSTEMPATH\View\View.php(231): CodeIgniter\View\View->CodeIgniter\View\{closure}()
 4 SYSTEMPATH\Common.php(1190): CodeIgniter\View\View->render('html/isi', [], true)
 5 APPPATH\Controllers\Posyandu.php(28): view('html/isi', [...])
 6 SYSTEMPATH\CodeIgniter.php(942): App\Controllers\Posyandu->button()
 7 SYSTEMPATH\CodeIgniter.php(502): CodeIgniter\CodeIgniter->runController(Object(App\Controllers\Posyandu))
 8 SYSTEMPATH\CodeIgniter.php(361): CodeIgniter\CodeIgniter->handleRequest(null, Object(Config\Cache), false)
 9 FCPATH\index.php(79): CodeIgniter\CodeIgniter->run()
10 SYSTEMPATH\Commands\Server\rewrite.php(47): require_once('D:\\CI4\\Posyandu\\public\\index.php')
CRITICAL - 2023-11-18 15:53:57 --> Undefined variable $b
in APPPATH\Views\html\isi.php on line 218.
 1 APPPATH\Views\html\isi.php(218): CodeIgniter\Debug\Exceptions->errorHandler(2, 'Undefined variable $b', 'D:\\CI4\\Posyandu\\app\\Views\\html\\isi.php', 218)
 2 SYSTEMPATH\View\View.php(228): include('D:\\CI4\\Posyandu\\app\\Views\\html\\isi.php')
 3 SYSTEMPATH\View\View.php(231): CodeIgniter\View\View->CodeIgniter\View\{closure}()
 4 SYSTEMPATH\Common.php(1190): CodeIgniter\View\View->render('html/isi', [], true)
 5 APPPATH\Controllers\Posyandu.php(28): view('html/isi', [...])
 6 SYSTEMPATH\CodeIgniter.php(942): App\Controllers\Posyandu->button()
 7 SYSTEMPATH\CodeIgniter.php(502): CodeIgniter\CodeIgniter->runController(Object(App\Controllers\Posyandu))
 8 SYSTEMPATH\CodeIgniter.php(361): CodeIgniter\CodeIgniter->handleRequest(null, Object(Config\Cache), false)
 9 FCPATH\index.php(79): CodeIgniter\CodeIgniter->run()
10 SYSTEMPATH\Commands\Server\rewrite.php(47): require_once('D:\\CI4\\Posyandu\\public\\index.php')
CRITICAL - 2023-11-18 15:53:57 --> Undefined variable $b
in APPPATH\Views\html\isi.php on line 218.
 1 APPPATH\Views\html\isi.php(218): CodeIgniter\Debug\Exceptions->errorHandler(2, 'Undefined variable $b', 'D:\\CI4\\Posyandu\\app\\Views\\html\\isi.php', 218)
 2 SYSTEMPATH\View\View.php(228): include('D:\\CI4\\Posyandu\\app\\Views\\html\\isi.php')
 3 SYSTEMPATH\View\View.php(231): CodeIgniter\View\View->CodeIgniter\View\{closure}()
 4 SYSTEMPATH\Common.php(1190): CodeIgniter\View\View->render('html/isi', [], true)
 5 APPPATH\Controllers\Posyandu.php(28): view('html/isi', [...])
 6 SYSTEMPATH\CodeIgniter.php(942): App\Controllers\Posyandu->button()
 7 SYSTEMPATH\CodeIgniter.php(502): CodeIgniter\CodeIgniter->runController(Object(App\Controllers\Posyandu))
 8 SYSTEMPATH\CodeIgniter.php(361): CodeIgniter\CodeIgniter->handleRequest(null, Object(Config\Cache), false)
 9 FCPATH\index.php(79): CodeIgniter\CodeIgniter->run()
10 SYSTEMPATH\Commands\Server\rewrite.php(47): require_once('D:\\CI4\\Posyandu\\public\\index.php')
CRITICAL - 2023-11-18 15:53:57 --> Undefined variable $b
in APPPATH\Views\html\isi.php on line 218.
 1 APPPATH\Views\html\isi.php(218): CodeIgniter\Debug\Exceptions->errorHandler(2, 'Undefined variable $b', 'D:\\CI4\\Posyandu\\app\\Views\\html\\isi.php', 218)
 2 SYSTEMPATH\View\View.php(228): include('D:\\CI4\\Posyandu\\app\\Views\\html\\isi.php')
 3 SYSTEMPATH\View\View.php(231): CodeIgniter\View\View->CodeIgniter\View\{closure}()
 4 SYSTEMPATH\Common.php(1190): CodeIgniter\View\View->render('html/isi', [], true)
 5 APPPATH\Controllers\Posyandu.php(28): view('html/isi', [...])
 6 SYSTEMPATH\CodeIgniter.php(942): App\Controllers\Posyandu->button()
 7 SYSTEMPATH\CodeIgniter.php(502): CodeIgniter\CodeIgniter->runController(Object(App\Controllers\Posyandu))
 8 SYSTEMPATH\CodeIgniter.php(361): CodeIgniter\CodeIgniter->handleRequest(null, Object(Config\Cache), false)
 9 FCPATH\index.php(79): CodeIgniter\CodeIgniter->run()
10 SYSTEMPATH\Commands\Server\rewrite.php(47): require_once('D:\\CI4\\Posyandu\\public\\index.php')
CRITICAL - 2023-11-18 17:09:03 --> Too few arguments to function App\Controllers\Posyandu::detail(), 0 passed in D:\CI4\Posyandu\system\CodeIgniter.php on line 942 and exactly 1 expected
in APPPATH\Controllers\Posyandu.php on line 29.
 1 SYSTEMPATH\CodeIgniter.php(942): App\Controllers\Posyandu->detail()
 2 SYSTEMPATH\CodeIgniter.php(502): CodeIgniter\CodeIgniter->runController(Object(App\Controllers\Posyandu))
 3 SYSTEMPATH\CodeIgniter.php(361): CodeIgniter\CodeIgniter->handleRequest(null, Object(Config\Cache), false)
 4 FCPATH\index.php(79): CodeIgniter\CodeIgniter->run()
 5 SYSTEMPATH\Commands\Server\rewrite.php(47): require_once('D:\\CI4\\Posyandu\\public\\index.php')
